<?xml version="1.0" encoding="UTF-8"?>
<!-- Generated by org.testng.reporters.JUnitXMLReporter -->
<testsuite ignored="0" hostname="LAPTOP-18MOMB3S" failures="0" tests="14" name="Test" time="112.033" errors="0" timestamp="2025-04-14T21:29:49 IST">
  <testcase classname="homepage_UI_Testing.Homepage_UI_Testing" name="a" time="0.081"/>
  <testcase classname="homepage_UI_Testing.Homepage_UI_Testing" name="b" time="3.524"/>
  <testcase classname="homepage_UI_Testing.Homepage_UI_Testing" name="c" time="0.238"/>
  <testcase classname="flight_Search_Functionality.Flight_Search_Functionality" name="f" time="0.808"/>
  <testcase classname="flight_Search_Functionality.Flight_Search_Functionality" name="testDropdownSelections" time="40.606"/>
  <testcase classname="passenger_Details_Form_Testing.Passenger_Details_Form_Testing" name="f" time="2.37"/>
  <testcase classname="passenger_Details_Form_Testing.Passenger_Details_Form_Testing" name="g" time="2.427"/>
  <testcase classname="passenger_Details_Form_Testing.Passenger_Details_Form_Testing" name="h" time="1.757"/>
  <testcase classname="passenger_Details_Form_Testing.Passenger_Details_Form_Testing" name="i" time="2.44"/>
  <testcase classname="passenger_Details_Form_Testing.Passenger_Details_Form_Testing" name="j" time="1.774"/>
  <testcase classname="flight_Selection_Process.Flight_Selection_Process" name="f" time="0.91"/>
  <testcase classname="flight_Selection_Process.Flight_Selection_Process" name="g" time="1.269"/>
  <testcase classname="flight_Selection_Process.Flight_Selection_Process" name="h" time="0.725"/>
  <testcase classname="flight_Selection_Process.Flight_Selection_Process" name="i" time="0.709"/>
</testsuite> <!-- Test -->
