<?xml version="1.0" encoding="UTF-8"?>
<!-- Generated by org.testng.reporters.JUnitXMLReporter -->
<testsuite ignored="0" hostname="LAPTOP-18MOMB3S" failures="0" tests="3" name="Default test" time="15.256" errors="0" timestamp="2025-04-13T22:12:08 IST">
  <testcase classname="homepage_UI_Testing.Homepage_UI_Testing" name="a" time="0.033"/>
  <testcase classname="homepage_UI_Testing.Homepage_UI_Testing" name="b" time="3.63"/>
  <testcase classname="homepage_UI_Testing.Homepage_UI_Testing" name="c" time="0.195"/>
</testsuite> <!-- Default test -->
