<?xml version="1.0" encoding="UTF-8"?>
<testng-results ignored="0" total="14" passed="14" failed="0" skipped="0">
  <reporter-output>
  </reporter-output>
  <suite started-at="2025-04-14T21:27:57 IST" name="Suite" finished-at="2025-04-14T21:29:49 IST" duration-ms="112033">
    <groups>
    </groups>
    <test started-at="2025-04-14T21:27:57 IST" name="Test" finished-at="2025-04-14T21:29:49 IST" duration-ms="112033">
      <class name="flight_Selection_Process.Flight_Selection_Process">
        <test-method is-config="true" signature="beforeMethod()[pri:0, instance:flight_Selection_Process.Flight_Selection_Process@6a78afa0]" started-at="2025-04-14T21:29:31 IST" name="beforeMethod" finished-at="2025-04-14T21:29:34 IST" duration-ms="2127" status="PASS">
          <reporter-output>
          </reporter-output>
        </test-method> <!-- beforeMethod -->
        <test-method signature="f()[pri:0, instance:flight_Selection_Process.Flight_Selection_Process@6a78afa0]" started-at="2025-04-14T21:29:34 IST" name="f" finished-at="2025-04-14T21:29:34 IST" duration-ms="910" status="PASS">
          <reporter-output>
          </reporter-output>
        </test-method> <!-- f -->
        <test-method is-config="true" signature="afterMethod()[pri:0, instance:flight_Selection_Process.Flight_Selection_Process@6a78afa0]" started-at="2025-04-14T21:29:34 IST" name="afterMethod" finished-at="2025-04-14T21:29:36 IST" duration-ms="1226" status="PASS">
          <reporter-output>
          </reporter-output>
        </test-method> <!-- afterMethod -->
        <test-method is-config="true" signature="beforeMethod()[pri:0, instance:flight_Selection_Process.Flight_Selection_Process@6a78afa0]" started-at="2025-04-14T21:29:36 IST" name="beforeMethod" finished-at="2025-04-14T21:29:38 IST" duration-ms="2087" status="PASS">
          <reporter-output>
          </reporter-output>
        </test-method> <!-- beforeMethod -->
        <test-method signature="g()[pri:1, instance:flight_Selection_Process.Flight_Selection_Process@6a78afa0]" started-at="2025-04-14T21:29:38 IST" name="g" finished-at="2025-04-14T21:29:39 IST" duration-ms="1269" status="PASS">
          <reporter-output>
          </reporter-output>
        </test-method> <!-- g -->
        <test-method is-config="true" signature="afterMethod()[pri:0, instance:flight_Selection_Process.Flight_Selection_Process@6a78afa0]" started-at="2025-04-14T21:29:39 IST" name="afterMethod" finished-at="2025-04-14T21:29:40 IST" duration-ms="1297" status="PASS">
          <reporter-output>
          </reporter-output>
        </test-method> <!-- afterMethod -->
        <test-method is-config="true" signature="beforeMethod()[pri:0, instance:flight_Selection_Process.Flight_Selection_Process@6a78afa0]" started-at="2025-04-14T21:29:40 IST" name="beforeMethod" finished-at="2025-04-14T21:29:43 IST" duration-ms="2265" status="PASS">
          <reporter-output>
          </reporter-output>
        </test-method> <!-- beforeMethod -->
        <test-method signature="h()[pri:2, instance:flight_Selection_Process.Flight_Selection_Process@6a78afa0]" started-at="2025-04-14T21:29:43 IST" name="h" finished-at="2025-04-14T21:29:43 IST" duration-ms="725" status="PASS">
          <reporter-output>
          </reporter-output>
        </test-method> <!-- h -->
        <test-method is-config="true" signature="afterMethod()[pri:0, instance:flight_Selection_Process.Flight_Selection_Process@6a78afa0]" started-at="2025-04-14T21:29:43 IST" name="afterMethod" finished-at="2025-04-14T21:29:45 IST" duration-ms="1273" status="PASS">
          <reporter-output>
          </reporter-output>
        </test-method> <!-- afterMethod -->
        <test-method is-config="true" signature="beforeMethod()[pri:0, instance:flight_Selection_Process.Flight_Selection_Process@6a78afa0]" started-at="2025-04-14T21:29:45 IST" name="beforeMethod" finished-at="2025-04-14T21:29:47 IST" duration-ms="2134" status="PASS">
          <reporter-output>
          </reporter-output>
        </test-method> <!-- beforeMethod -->
        <test-method signature="i()[pri:3, instance:flight_Selection_Process.Flight_Selection_Process@6a78afa0]" started-at="2025-04-14T21:29:47 IST" name="i" finished-at="2025-04-14T21:29:47 IST" duration-ms="709" status="PASS">
          <reporter-output>
          </reporter-output>
        </test-method> <!-- i -->
        <test-method is-config="true" signature="afterMethod()[pri:0, instance:flight_Selection_Process.Flight_Selection_Process@6a78afa0]" started-at="2025-04-14T21:29:47 IST" name="afterMethod" finished-at="2025-04-14T21:29:49 IST" duration-ms="1421" status="PASS">
          <reporter-output>
          </reporter-output>
        </test-method> <!-- afterMethod -->
      </class> <!-- flight_Selection_Process.Flight_Selection_Process -->
      <class name="passenger_Details_Form_Testing.Passenger_Details_Form_Testing">
        <test-method is-config="true" signature="beforeClass()[pri:0, instance:passenger_Details_Form_Testing.Passenger_Details_Form_Testing@dd05255]" started-at="2025-04-14T21:29:02 IST" name="beforeClass" finished-at="2025-04-14T21:29:05 IST" duration-ms="3611" status="PASS">
          <reporter-output>
          </reporter-output>
        </test-method> <!-- beforeClass -->
        <test-method signature="f()[pri:0, instance:passenger_Details_Form_Testing.Passenger_Details_Form_Testing@dd05255]" started-at="2025-04-14T21:29:05 IST" name="f" finished-at="2025-04-14T21:29:08 IST" duration-ms="2370" status="PASS">
          <reporter-output>
          </reporter-output>
        </test-method> <!-- f -->
        <test-method is-config="true" signature="afterClass()[pri:0, instance:passenger_Details_Form_Testing.Passenger_Details_Form_Testing@dd05255]" started-at="2025-04-14T21:29:08 IST" name="afterClass" finished-at="2025-04-14T21:29:09 IST" duration-ms="1234" status="PASS">
          <reporter-output>
          </reporter-output>
        </test-method> <!-- afterClass -->
        <test-method is-config="true" signature="beforeClass()[pri:0, instance:passenger_Details_Form_Testing.Passenger_Details_Form_Testing@dd05255]" started-at="2025-04-14T21:29:09 IST" name="beforeClass" finished-at="2025-04-14T21:29:11 IST" duration-ms="2199" status="PASS">
          <reporter-output>
          </reporter-output>
        </test-method> <!-- beforeClass -->
        <test-method signature="g()[pri:1, instance:passenger_Details_Form_Testing.Passenger_Details_Form_Testing@dd05255]" started-at="2025-04-14T21:29:11 IST" name="g" finished-at="2025-04-14T21:29:14 IST" duration-ms="2427" status="PASS">
          <reporter-output>
          </reporter-output>
        </test-method> <!-- g -->
        <test-method is-config="true" signature="afterClass()[pri:0, instance:passenger_Details_Form_Testing.Passenger_Details_Form_Testing@dd05255]" started-at="2025-04-14T21:29:14 IST" name="afterClass" finished-at="2025-04-14T21:29:15 IST" duration-ms="1328" status="PASS">
          <reporter-output>
          </reporter-output>
        </test-method> <!-- afterClass -->
        <test-method is-config="true" signature="beforeClass()[pri:0, instance:passenger_Details_Form_Testing.Passenger_Details_Form_Testing@dd05255]" started-at="2025-04-14T21:29:15 IST" name="beforeClass" finished-at="2025-04-14T21:29:17 IST" duration-ms="2372" status="PASS">
          <reporter-output>
          </reporter-output>
        </test-method> <!-- beforeClass -->
        <test-method signature="h()[pri:2, instance:passenger_Details_Form_Testing.Passenger_Details_Form_Testing@dd05255]" started-at="2025-04-14T21:29:17 IST" name="h" finished-at="2025-04-14T21:29:19 IST" duration-ms="1757" status="PASS">
          <reporter-output>
          </reporter-output>
        </test-method> <!-- h -->
        <test-method is-config="true" signature="afterClass()[pri:0, instance:passenger_Details_Form_Testing.Passenger_Details_Form_Testing@dd05255]" started-at="2025-04-14T21:29:19 IST" name="afterClass" finished-at="2025-04-14T21:29:20 IST" duration-ms="1281" status="PASS">
          <reporter-output>
          </reporter-output>
        </test-method> <!-- afterClass -->
        <test-method is-config="true" signature="beforeClass()[pri:0, instance:passenger_Details_Form_Testing.Passenger_Details_Form_Testing@dd05255]" started-at="2025-04-14T21:29:20 IST" name="beforeClass" finished-at="2025-04-14T21:29:23 IST" duration-ms="2217" status="PASS">
          <reporter-output>
          </reporter-output>
        </test-method> <!-- beforeClass -->
        <test-method signature="i()[pri:2, instance:passenger_Details_Form_Testing.Passenger_Details_Form_Testing@dd05255]" started-at="2025-04-14T21:29:23 IST" name="i" finished-at="2025-04-14T21:29:25 IST" duration-ms="2440" status="PASS">
          <reporter-output>
          </reporter-output>
        </test-method> <!-- i -->
        <test-method is-config="true" signature="afterClass()[pri:0, instance:passenger_Details_Form_Testing.Passenger_Details_Form_Testing@dd05255]" started-at="2025-04-14T21:29:25 IST" name="afterClass" finished-at="2025-04-14T21:29:26 IST" duration-ms="1215" status="PASS">
          <reporter-output>
          </reporter-output>
        </test-method> <!-- afterClass -->
        <test-method is-config="true" signature="beforeClass()[pri:0, instance:passenger_Details_Form_Testing.Passenger_Details_Form_Testing@dd05255]" started-at="2025-04-14T21:29:26 IST" name="beforeClass" finished-at="2025-04-14T21:29:28 IST" duration-ms="2231" status="PASS">
          <reporter-output>
          </reporter-output>
        </test-method> <!-- beforeClass -->
        <test-method signature="j()[pri:3, instance:passenger_Details_Form_Testing.Passenger_Details_Form_Testing@dd05255]" started-at="2025-04-14T21:29:28 IST" name="j" finished-at="2025-04-14T21:29:30 IST" duration-ms="1774" status="PASS">
          <reporter-output>
          </reporter-output>
        </test-method> <!-- j -->
        <test-method is-config="true" signature="afterClass()[pri:0, instance:passenger_Details_Form_Testing.Passenger_Details_Form_Testing@dd05255]" started-at="2025-04-14T21:29:30 IST" name="afterClass" finished-at="2025-04-14T21:29:31 IST" duration-ms="1278" status="PASS">
          <reporter-output>
          </reporter-output>
        </test-method> <!-- afterClass -->
      </class> <!-- passenger_Details_Form_Testing.Passenger_Details_Form_Testing -->
      <class name="flight_Search_Functionality.Flight_Search_Functionality">
        <test-method is-config="true" signature="beforeMethod()[pri:0, instance:flight_Search_Functionality.Flight_Search_Functionality@7e6f74c]" started-at="2025-04-14T21:28:13 IST" name="beforeMethod" finished-at="2025-04-14T21:28:15 IST" duration-ms="2340" status="PASS">
          <reporter-output>
          </reporter-output>
        </test-method> <!-- beforeMethod -->
        <test-method signature="f()[pri:0, instance:flight_Search_Functionality.Flight_Search_Functionality@7e6f74c]" started-at="2025-04-14T21:28:15 IST" name="f" finished-at="2025-04-14T21:28:16 IST" duration-ms="808" status="PASS">
          <reporter-output>
          </reporter-output>
        </test-method> <!-- f -->
        <test-method is-config="true" signature="afterMethod()[pri:0, instance:flight_Search_Functionality.Flight_Search_Functionality@7e6f74c]" started-at="2025-04-14T21:28:16 IST" name="afterMethod" finished-at="2025-04-14T21:28:18 IST" duration-ms="1290" status="PASS">
          <reporter-output>
          </reporter-output>
        </test-method> <!-- afterMethod -->
        <test-method is-config="true" signature="beforeMethod()[pri:0, instance:flight_Search_Functionality.Flight_Search_Functionality@7e6f74c]" started-at="2025-04-14T21:28:18 IST" name="beforeMethod" finished-at="2025-04-14T21:28:20 IST" duration-ms="2307" status="PASS">
          <reporter-output>
          </reporter-output>
        </test-method> <!-- beforeMethod -->
        <test-method signature="testDropdownSelections()[pri:1, instance:flight_Search_Functionality.Flight_Search_Functionality@7e6f74c]" started-at="2025-04-14T21:28:20 IST" name="testDropdownSelections" finished-at="2025-04-14T21:29:00 IST" duration-ms="40606" status="PASS">
          <reporter-output>
          </reporter-output>
        </test-method> <!-- testDropdownSelections -->
        <test-method is-config="true" signature="afterMethod()[pri:0, instance:flight_Search_Functionality.Flight_Search_Functionality@7e6f74c]" started-at="2025-04-14T21:29:00 IST" name="afterMethod" finished-at="2025-04-14T21:29:02 IST" duration-ms="1238" status="PASS">
          <reporter-output>
          </reporter-output>
        </test-method> <!-- afterMethod -->
      </class> <!-- flight_Search_Functionality.Flight_Search_Functionality -->
      <class name="homepage_UI_Testing.Homepage_UI_Testing">
        <test-method is-config="true" signature="beforeMethod()[pri:0, instance:homepage_UI_Testing.Homepage_UI_Testing@73a1e9a9]" started-at="2025-04-14T21:27:57 IST" name="beforeMethod" finished-at="2025-04-14T21:28:01 IST" duration-ms="3764" status="PASS">
          <reporter-output>
          </reporter-output>
        </test-method> <!-- beforeMethod -->
        <test-method signature="a()[pri:0, instance:homepage_UI_Testing.Homepage_UI_Testing@73a1e9a9]" started-at="2025-04-14T21:28:01 IST" name="a" finished-at="2025-04-14T21:28:01 IST" duration-ms="81" status="PASS">
          <reporter-output>
          </reporter-output>
        </test-method> <!-- a -->
        <test-method is-config="true" signature="afterMethod()[pri:0, instance:homepage_UI_Testing.Homepage_UI_Testing@73a1e9a9]" started-at="2025-04-14T21:28:01 IST" name="afterMethod" finished-at="2025-04-14T21:28:02 IST" duration-ms="1659" status="PASS">
          <reporter-output>
          </reporter-output>
        </test-method> <!-- afterMethod -->
        <test-method is-config="true" signature="beforeMethod()[pri:0, instance:homepage_UI_Testing.Homepage_UI_Testing@73a1e9a9]" started-at="2025-04-14T21:28:02 IST" name="beforeMethod" finished-at="2025-04-14T21:28:05 IST" duration-ms="2201" status="PASS">
          <reporter-output>
          </reporter-output>
        </test-method> <!-- beforeMethod -->
        <test-method signature="b()[pri:1, instance:homepage_UI_Testing.Homepage_UI_Testing@73a1e9a9]" started-at="2025-04-14T21:28:05 IST" name="b" finished-at="2025-04-14T21:28:08 IST" duration-ms="3524" status="PASS">
          <reporter-output>
          </reporter-output>
        </test-method> <!-- b -->
        <test-method is-config="true" signature="afterMethod()[pri:0, instance:homepage_UI_Testing.Homepage_UI_Testing@73a1e9a9]" started-at="2025-04-14T21:28:08 IST" name="afterMethod" finished-at="2025-04-14T21:28:09 IST" duration-ms="1266" status="PASS">
          <reporter-output>
          </reporter-output>
        </test-method> <!-- afterMethod -->
        <test-method is-config="true" signature="beforeMethod()[pri:0, instance:homepage_UI_Testing.Homepage_UI_Testing@73a1e9a9]" started-at="2025-04-14T21:28:09 IST" name="beforeMethod" finished-at="2025-04-14T21:28:12 IST" duration-ms="2165" status="PASS">
          <reporter-output>
          </reporter-output>
        </test-method> <!-- beforeMethod -->
        <test-method signature="c()[pri:2, instance:homepage_UI_Testing.Homepage_UI_Testing@73a1e9a9]" started-at="2025-04-14T21:28:12 IST" name="c" finished-at="2025-04-14T21:28:12 IST" duration-ms="238" status="PASS">
          <reporter-output>
          </reporter-output>
        </test-method> <!-- c -->
        <test-method is-config="true" signature="afterMethod()[pri:0, instance:homepage_UI_Testing.Homepage_UI_Testing@73a1e9a9]" started-at="2025-04-14T21:28:12 IST" name="afterMethod" finished-at="2025-04-14T21:28:13 IST" duration-ms="1273" status="PASS">
          <reporter-output>
          </reporter-output>
        </test-method> <!-- afterMethod -->
      </class> <!-- homepage_UI_Testing.Homepage_UI_Testing -->
    </test> <!-- Test -->
  </suite> <!-- Suite -->
</testng-results>
